<?xml version='1.0' encoding='UTF-8'?>
<testsuite hostname="dinocpu" name="dinocpu.PipelinedCPUTester" tests="75" errors="0" failures="0" skipped="0" time="30.803" timestamp="2025-12-21T03:55:15">
                     <properties>
[...]
</properties>
                     <testcase classname="dinocpu.PipelinedCPUTester" name="Pipelined CPU should run rtype add1" time="2.659">
                                                 
                                               </testcase><testcase classname="dinocpu.PipelinedCPUTester" name="Pipelined CPU should run rtype add2" time="0.949">
                                                 
                                               </testcase><testcase classname="dinocpu.PipelinedCPUTester" name="Pipelined CPU should run rtype add0" time="0.734">
                                                 
                                               </testcase><testcase classname="dinocpu.PipelinedCPUTester" name="Pipelined CPU should run rtype or" time="0.637">
                                                 
                                               </testcase><testcase classname="dinocpu.PipelinedCPUTester" name="Pipelined CPU should run rtype sub" time="0.785">
                                                 
                                               </testcase><testcase classname="dinocpu.PipelinedCPUTester" name="Pipelined CPU should run rtype and" time="0.728">
                                                 
                                               </testcase><testcase classname="dinocpu.PipelinedCPUTester" name="Pipelined CPU should run rtype xor" time="0.722">
                                                 
                                               </testcase><testcase classname="dinocpu.PipelinedCPUTester" name="Pipelined CPU should run rtype slt" time="0.671">
                                                 
                                               </testcase><testcase classname="dinocpu.PipelinedCPUTester" name="Pipelined CPU should run rtype slt1" time="0.524">
                                                 
                                               </testcase><testcase classname="dinocpu.PipelinedCPUTester" name="Pipelined CPU should run rtype sltu" time="0.539">
                                                 
                                               </testcase><testcase classname="dinocpu.PipelinedCPUTester" name="Pipelined CPU should run rtype sltu1" time="0.543">
                                                 
                                               </testcase><testcase classname="dinocpu.PipelinedCPUTester" name="Pipelined CPU should run rtype sll" time="0.545">
                                                 
                                               </testcase><testcase classname="dinocpu.PipelinedCPUTester" name="Pipelined CPU should run rtype srl" time="0.463">
                                                 
                                               </testcase><testcase classname="dinocpu.PipelinedCPUTester" name="Pipelined CPU should run rtype sra" time="0.474">
                                                 
                                               </testcase><testcase classname="dinocpu.PipelinedCPUTester" name="Pipelined CPU should run applications fibonacci" time="1.008">
                                                 
                                               </testcase><testcase classname="dinocpu.PipelinedCPUTester" name="Pipelined CPU should run applications naturalsum" time="0.716">
                                                 
                                               </testcase><testcase classname="dinocpu.PipelinedCPUTester" name="Pipelined CPU should run applications multiplier" time="0.831">
                                                 
                                               </testcase><testcase classname="dinocpu.PipelinedCPUTester" name="Pipelined CPU should run applications divider" time="1.012">
                                                 
                                               </testcase><testcase classname="dinocpu.PipelinedCPUTester" name="Pipelined CPU should run jump jal" time="0.381">
                                                 
                                               </testcase><testcase classname="dinocpu.PipelinedCPUTester" name="Pipelined CPU should run jump jalr0" time="0.397">
                                                 
                                               </testcase><testcase classname="dinocpu.PipelinedCPUTester" name="Pipelined CPU should run jump jalr1" time="0.506">
                                                 
                                               </testcase><testcase classname="dinocpu.PipelinedCPUTester" name="Pipelined CPU should run branch beq-False" time="0.448">
                                                 
                                               </testcase><testcase classname="dinocpu.PipelinedCPUTester" name="Pipelined CPU should run branch beq-True" time="0.515">
                                                 
                                               </testcase><testcase classname="dinocpu.PipelinedCPUTester" name="Pipelined CPU should run branch bne-False" time="0.444">
                                                 
                                               </testcase><testcase classname="dinocpu.PipelinedCPUTester" name="Pipelined CPU should run branch bne-True" time="0.545">
                                                 
                                               </testcase><testcase classname="dinocpu.PipelinedCPUTester" name="Pipelined CPU should run branch blt-False" time="0.391">
                                                 
                                               </testcase><testcase classname="dinocpu.PipelinedCPUTester" name="Pipelined CPU should run branch blt-False-equal" time="0.493">
                                                 
                                               </testcase><testcase classname="dinocpu.PipelinedCPUTester" name="Pipelined CPU should run branch blt-True" time="0.445">
                                                 
                                               </testcase><testcase classname="dinocpu.PipelinedCPUTester" name="Pipelined CPU should run branch blt-False-signed" time="0.484">
                                                 
                                               </testcase><testcase classname="dinocpu.PipelinedCPUTester" name="Pipelined CPU should run branch blt-True-signed" time="0.399">
                                                 
                                               </testcase><testcase classname="dinocpu.PipelinedCPUTester" name="Pipelined CPU should run branch bge-False" time="0.347">
                                                 
                                               </testcase><testcase classname="dinocpu.PipelinedCPUTester" name="Pipelined CPU should run branch bge-True" time="0.432">
                                                 
                                               </testcase><testcase classname="dinocpu.PipelinedCPUTester" name="Pipelined CPU should run branch bge-False-signed" time="0.356">
                                                 
                                               </testcase><testcase classname="dinocpu.PipelinedCPUTester" name="Pipelined CPU should run branch bge-True-signed" time="0.284">
                                                 
                                               </testcase><testcase classname="dinocpu.PipelinedCPUTester" name="Pipelined CPU should run branch bge-True-equal" time="0.283">
                                                 
                                               </testcase><testcase classname="dinocpu.PipelinedCPUTester" name="Pipelined CPU should run branch bltu-False" time="0.251">
                                                 
                                               </testcase><testcase classname="dinocpu.PipelinedCPUTester" name="Pipelined CPU should run branch bltu-True" time="0.239">
                                                 
                                               </testcase><testcase classname="dinocpu.PipelinedCPUTester" name="Pipelined CPU should run branch bgeu-False" time="0.236">
                                                 
                                               </testcase><testcase classname="dinocpu.PipelinedCPUTester" name="Pipelined CPU should run branch bgeu-True" time="0.239">
                                                 
                                               </testcase><testcase classname="dinocpu.PipelinedCPUTester" name="Pipelined CPU should run itypeMultiCycle addi2" time="0.244">
                                                 
                                               </testcase><testcase classname="dinocpu.PipelinedCPUTester" name="Pipelined CPU should run memoryMultiCycle lwfwd" time="0.256">
                                                 
                                               </testcase><testcase classname="dinocpu.PipelinedCPUTester" name="Pipelined CPU should run itype addi1" time="0.237">
                                                 
                                               </testcase><testcase classname="dinocpu.PipelinedCPUTester" name="Pipelined CPU should run itype slli" time="0.23">
                                                 
                                               </testcase><testcase classname="dinocpu.PipelinedCPUTester" name="Pipelined CPU should run itype srai" time="0.255">
                                                 
                                               </testcase><testcase classname="dinocpu.PipelinedCPUTester" name="Pipelined CPU should run itype srai-negative" time="0.254">
                                                 
                                               </testcase><testcase classname="dinocpu.PipelinedCPUTester" name="Pipelined CPU should run itype srli" time="0.231">
                                                 
                                               </testcase><testcase classname="dinocpu.PipelinedCPUTester" name="Pipelined CPU should run itype andi" time="0.225">
                                                 
                                               </testcase><testcase classname="dinocpu.PipelinedCPUTester" name="Pipelined CPU should run itype ori" time="0.269">
                                                 
                                               </testcase><testcase classname="dinocpu.PipelinedCPUTester" name="Pipelined CPU should run itype xori" time="0.253">
                                                 
                                               </testcase><testcase classname="dinocpu.PipelinedCPUTester" name="Pipelined CPU should run itype slti" time="0.245">
                                                 
                                               </testcase><testcase classname="dinocpu.PipelinedCPUTester" name="Pipelined CPU should run itype sltiu" time="0.239">
                                                 
                                               </testcase><testcase classname="dinocpu.PipelinedCPUTester" name="Pipelined CPU should run utype auipc0" time="0.255">
                                                 
                                               </testcase><testcase classname="dinocpu.PipelinedCPUTester" name="Pipelined CPU should run utype auipc1" time="0.253">
                                                 
                                               </testcase><testcase classname="dinocpu.PipelinedCPUTester" name="Pipelined CPU should run utype auipc2" time="0.231">
                                                 
                                               </testcase><testcase classname="dinocpu.PipelinedCPUTester" name="Pipelined CPU should run utype auipc3" time="0.223">
                                                 
                                               </testcase><testcase classname="dinocpu.PipelinedCPUTester" name="Pipelined CPU should run utype lui0" time="0.267">
                                                 
                                               </testcase><testcase classname="dinocpu.PipelinedCPUTester" name="Pipelined CPU should run utype lui1" time="0.251">
                                                 
                                               </testcase><testcase classname="dinocpu.PipelinedCPUTester" name="Pipelined CPU should run rtypeMultiCycle addfwd" time="0.235">
                                                 
                                               </testcase><testcase classname="dinocpu.PipelinedCPUTester" name="Pipelined CPU should run rtypeMultiCycle swapxor" time="0.231">
                                                 
                                               </testcase><testcase classname="dinocpu.PipelinedCPUTester" name="Pipelined CPU should run rtypeMultiCycle power2-512" time="0.229">
                                                 
                                               </testcase><testcase classname="dinocpu.PipelinedCPUTester" name="Pipelined CPU should run rtypeMultiCycle power2-1234" time="0.252">
                                                 
                                               </testcase><testcase classname="dinocpu.PipelinedCPUTester" name="Pipelined CPU should run rtypeMultiCycle power2--65536" time="0.213">
                                                 
                                               </testcase><testcase classname="dinocpu.PipelinedCPUTester" name="Pipelined CPU should run rtypeMultiCycle oppsign-true" time="0.204">
                                                 
                                               </testcase><testcase classname="dinocpu.PipelinedCPUTester" name="Pipelined CPU should run rtypeMultiCycle oppsign-false" time="0.192">
                                                 
                                               </testcase><testcase classname="dinocpu.PipelinedCPUTester" name="Pipelined CPU should run rtypeMultiCycle rotR" time="0.19">
                                                 
                                               </testcase><testcase classname="dinocpu.PipelinedCPUTester" name="Pipelined CPU should run memory lw1" time="0.201">
                                                 
                                               </testcase><testcase classname="dinocpu.PipelinedCPUTester" name="Pipelined CPU should run memory lb" time="0.206">
                                                 
                                               </testcase><testcase classname="dinocpu.PipelinedCPUTester" name="Pipelined CPU should run memory lh" time="0.191">
                                                 
                                               </testcase><testcase classname="dinocpu.PipelinedCPUTester" name="Pipelined CPU should run memory lbu" time="0.192">
                                                 
                                               </testcase><testcase classname="dinocpu.PipelinedCPUTester" name="Pipelined CPU should run memory lhu" time="0.197">
                                                 
                                               </testcase><testcase classname="dinocpu.PipelinedCPUTester" name="Pipelined CPU should run memory lb1" time="0.204">
                                                 
                                               </testcase><testcase classname="dinocpu.PipelinedCPUTester" name="Pipelined CPU should run memory lh1" time="0.192">
                                                 
                                               </testcase><testcase classname="dinocpu.PipelinedCPUTester" name="Pipelined CPU should run memory sw" time="0.192">
                                                 
                                               </testcase><testcase classname="dinocpu.PipelinedCPUTester" name="Pipelined CPU should run memory sb" time="0.202">
                                                 
                                               </testcase><testcase classname="dinocpu.PipelinedCPUTester" name="Pipelined CPU should run memory sh" time="0.207">
                                                 
                                               </testcase>
                     <system-out><![CDATA[]]></system-out>
                     <system-err><![CDATA[]]></system-err>
                   </testsuite>