<?xml version='1.0' encoding='UTF-8'?>
<testsuite hostname="dinocpu" name="dinocpu.SingleCycleCPUTester" tests="75" errors="0" failures="0" skipped="0" time="27.844" timestamp="2025-12-21T03:55:15">
                     <properties>
[...]
</properties>
                     <testcase classname="dinocpu.SingleCycleCPUTester" name="Single Cycle CPU should run rtype add1" time="2.621">
                                                 
                                               </testcase><testcase classname="dinocpu.SingleCycleCPUTester" name="Single Cycle CPU should run rtype add2" time="0.819">
                                                 
                                               </testcase><testcase classname="dinocpu.SingleCycleCPUTester" name="Single Cycle CPU should run rtype add0" time="0.558">
                                                 
                                               </testcase><testcase classname="dinocpu.SingleCycleCPUTester" name="Single Cycle CPU should run rtype or" time="0.939">
                                                 
                                               </testcase><testcase classname="dinocpu.SingleCycleCPUTester" name="Single Cycle CPU should run rtype sub" time="0.743">
                                                 
                                               </testcase><testcase classname="dinocpu.SingleCycleCPUTester" name="Single Cycle CPU should run rtype and" time="0.62">
                                                 
                                               </testcase><testcase classname="dinocpu.SingleCycleCPUTester" name="Single Cycle CPU should run rtype xor" time="0.667">
                                                 
                                               </testcase><testcase classname="dinocpu.SingleCycleCPUTester" name="Single Cycle CPU should run rtype slt" time="0.559">
                                                 
                                               </testcase><testcase classname="dinocpu.SingleCycleCPUTester" name="Single Cycle CPU should run rtype slt1" time="0.6">
                                                 
                                               </testcase><testcase classname="dinocpu.SingleCycleCPUTester" name="Single Cycle CPU should run rtype sltu" time="0.52">
                                                 
                                               </testcase><testcase classname="dinocpu.SingleCycleCPUTester" name="Single Cycle CPU should run rtype sltu1" time="0.37">
                                                 
                                               </testcase><testcase classname="dinocpu.SingleCycleCPUTester" name="Single Cycle CPU should run rtype sll" time="0.398">
                                                 
                                               </testcase><testcase classname="dinocpu.SingleCycleCPUTester" name="Single Cycle CPU should run rtype srl" time="0.433">
                                                 
                                               </testcase><testcase classname="dinocpu.SingleCycleCPUTester" name="Single Cycle CPU should run rtype sra" time="0.383">
                                                 
                                               </testcase><testcase classname="dinocpu.SingleCycleCPUTester" name="Single Cycle CPU should run applications fibonacci" time="0.36">
                                                 
                                               </testcase><testcase classname="dinocpu.SingleCycleCPUTester" name="Single Cycle CPU should run applications naturalsum" time="0.375">
                                                 
                                               </testcase><testcase classname="dinocpu.SingleCycleCPUTester" name="Single Cycle CPU should run applications multiplier" time="0.855">
                                                 
                                               </testcase><testcase classname="dinocpu.SingleCycleCPUTester" name="Single Cycle CPU should run applications divider" time="0.902">
                                                 
                                               </testcase><testcase classname="dinocpu.SingleCycleCPUTester" name="Single Cycle CPU should run jump jal" time="0.374">
                                                 
                                               </testcase><testcase classname="dinocpu.SingleCycleCPUTester" name="Single Cycle CPU should run jump jalr0" time="0.363">
                                                 
                                               </testcase><testcase classname="dinocpu.SingleCycleCPUTester" name="Single Cycle CPU should run jump jalr1" time="0.375">
                                                 
                                               </testcase><testcase classname="dinocpu.SingleCycleCPUTester" name="Single Cycle CPU should run branch beq-False" time="0.386">
                                                 
                                               </testcase><testcase classname="dinocpu.SingleCycleCPUTester" name="Single Cycle CPU should run branch beq-True" time="0.521">
                                                 
                                               </testcase><testcase classname="dinocpu.SingleCycleCPUTester" name="Single Cycle CPU should run branch bne-False" time="0.334">
                                                 
                                               </testcase><testcase classname="dinocpu.SingleCycleCPUTester" name="Single Cycle CPU should run branch bne-True" time="0.448">
                                                 
                                               </testcase><testcase classname="dinocpu.SingleCycleCPUTester" name="Single Cycle CPU should run branch blt-False" time="0.443">
                                                 
                                               </testcase><testcase classname="dinocpu.SingleCycleCPUTester" name="Single Cycle CPU should run branch blt-False-equal" time="0.388">
                                                 
                                               </testcase><testcase classname="dinocpu.SingleCycleCPUTester" name="Single Cycle CPU should run branch blt-True" time="0.375">
                                                 
                                               </testcase><testcase classname="dinocpu.SingleCycleCPUTester" name="Single Cycle CPU should run branch blt-False-signed" time="0.398">
                                                 
                                               </testcase><testcase classname="dinocpu.SingleCycleCPUTester" name="Single Cycle CPU should run branch blt-True-signed" time="0.328">
                                                 
                                               </testcase><testcase classname="dinocpu.SingleCycleCPUTester" name="Single Cycle CPU should run branch bge-False" time="0.419">
                                                 
                                               </testcase><testcase classname="dinocpu.SingleCycleCPUTester" name="Single Cycle CPU should run branch bge-True" time="0.341">
                                                 
                                               </testcase><testcase classname="dinocpu.SingleCycleCPUTester" name="Single Cycle CPU should run branch bge-False-signed" time="0.336">
                                                 
                                               </testcase><testcase classname="dinocpu.SingleCycleCPUTester" name="Single Cycle CPU should run branch bge-True-signed" time="0.324">
                                                 
                                               </testcase><testcase classname="dinocpu.SingleCycleCPUTester" name="Single Cycle CPU should run branch bge-True-equal" time="0.341">
                                                 
                                               </testcase><testcase classname="dinocpu.SingleCycleCPUTester" name="Single Cycle CPU should run branch bltu-False" time="0.334">
                                                 
                                               </testcase><testcase classname="dinocpu.SingleCycleCPUTester" name="Single Cycle CPU should run branch bltu-True" time="0.342">
                                                 
                                               </testcase><testcase classname="dinocpu.SingleCycleCPUTester" name="Single Cycle CPU should run branch bgeu-False" time="0.264">
                                                 
                                               </testcase><testcase classname="dinocpu.SingleCycleCPUTester" name="Single Cycle CPU should run branch bgeu-True" time="0.281">
                                                 
                                               </testcase><testcase classname="dinocpu.SingleCycleCPUTester" name="Single Cycle CPU should run itypeMultiCycle addi2" time="0.249">
                                                 
                                               </testcase><testcase classname="dinocpu.SingleCycleCPUTester" name="Single Cycle CPU should run memoryMultiCycle lwfwd" time="0.27">
                                                 
                                               </testcase><testcase classname="dinocpu.SingleCycleCPUTester" name="Single Cycle CPU should run itype addi1" time="0.299">
                                                 
                                               </testcase><testcase classname="dinocpu.SingleCycleCPUTester" name="Single Cycle CPU should run itype slli" time="0.216">
                                                 
                                               </testcase><testcase classname="dinocpu.SingleCycleCPUTester" name="Single Cycle CPU should run itype srai" time="0.211">
                                                 
                                               </testcase><testcase classname="dinocpu.SingleCycleCPUTester" name="Single Cycle CPU should run itype srai-negative" time="0.231">
                                                 
                                               </testcase><testcase classname="dinocpu.SingleCycleCPUTester" name="Single Cycle CPU should run itype srli" time="0.193">
                                                 
                                               </testcase><testcase classname="dinocpu.SingleCycleCPUTester" name="Single Cycle CPU should run itype andi" time="0.205">
                                                 
                                               </testcase><testcase classname="dinocpu.SingleCycleCPUTester" name="Single Cycle CPU should run itype ori" time="0.198">
                                                 
                                               </testcase><testcase classname="dinocpu.SingleCycleCPUTester" name="Single Cycle CPU should run itype xori" time="0.197">
                                                 
                                               </testcase><testcase classname="dinocpu.SingleCycleCPUTester" name="Single Cycle CPU should run itype slti" time="0.191">
                                                 
                                               </testcase><testcase classname="dinocpu.SingleCycleCPUTester" name="Single Cycle CPU should run itype sltiu" time="0.19">
                                                 
                                               </testcase><testcase classname="dinocpu.SingleCycleCPUTester" name="Single Cycle CPU should run utype auipc0" time="0.184">
                                                 
                                               </testcase><testcase classname="dinocpu.SingleCycleCPUTester" name="Single Cycle CPU should run utype auipc1" time="0.205">
                                                 
                                               </testcase><testcase classname="dinocpu.SingleCycleCPUTester" name="Single Cycle CPU should run utype auipc2" time="0.187">
                                                 
                                               </testcase><testcase classname="dinocpu.SingleCycleCPUTester" name="Single Cycle CPU should run utype auipc3" time="0.19">
                                                 
                                               </testcase><testcase classname="dinocpu.SingleCycleCPUTester" name="Single Cycle CPU should run utype lui0" time="0.194">
                                                 
                                               </testcase><testcase classname="dinocpu.SingleCycleCPUTester" name="Single Cycle CPU should run utype lui1" time="0.192">
                                                 
                                               </testcase><testcase classname="dinocpu.SingleCycleCPUTester" name="Single Cycle CPU should run rtypeMultiCycle addfwd" time="0.213">
                                                 
                                               </testcase><testcase classname="dinocpu.SingleCycleCPUTester" name="Single Cycle CPU should run rtypeMultiCycle swapxor" time="0.206">
                                                 
                                               </testcase><testcase classname="dinocpu.SingleCycleCPUTester" name="Single Cycle CPU should run rtypeMultiCycle power2-512" time="0.189">
                                                 
                                               </testcase><testcase classname="dinocpu.SingleCycleCPUTester" name="Single Cycle CPU should run rtypeMultiCycle power2-1234" time="0.192">
                                                 
                                               </testcase><testcase classname="dinocpu.SingleCycleCPUTester" name="Single Cycle CPU should run rtypeMultiCycle power2--65536" time="0.187">
                                                 
                                               </testcase><testcase classname="dinocpu.SingleCycleCPUTester" name="Single Cycle CPU should run rtypeMultiCycle oppsign-true" time="0.214">
                                                 
                                               </testcase><testcase classname="dinocpu.SingleCycleCPUTester" name="Single Cycle CPU should run rtypeMultiCycle oppsign-false" time="0.193">
                                                 
                                               </testcase><testcase classname="dinocpu.SingleCycleCPUTester" name="Single Cycle CPU should run rtypeMultiCycle rotR" time="0.198">
                                                 
                                               </testcase><testcase classname="dinocpu.SingleCycleCPUTester" name="Single Cycle CPU should run memory lw1" time="0.192">
                                                 
                                               </testcase><testcase classname="dinocpu.SingleCycleCPUTester" name="Single Cycle CPU should run memory lb" time="0.193">
                                                 
                                               </testcase><testcase classname="dinocpu.SingleCycleCPUTester" name="Single Cycle CPU should run memory lh" time="0.202">
                                                 
                                               </testcase><testcase classname="dinocpu.SingleCycleCPUTester" name="Single Cycle CPU should run memory lbu" time="0.205">
                                                 
                                               </testcase><testcase classname="dinocpu.SingleCycleCPUTester" name="Single Cycle CPU should run memory lhu" time="0.186">
                                                 
                                               </testcase><testcase classname="dinocpu.SingleCycleCPUTester" name="Single Cycle CPU should run memory lb1" time="0.191">
                                                 
                                               </testcase><testcase classname="dinocpu.SingleCycleCPUTester" name="Single Cycle CPU should run memory lh1" time="0.188">
                                                 
                                               </testcase><testcase classname="dinocpu.SingleCycleCPUTester" name="Single Cycle CPU should run memory sw" time="0.224">
                                                 
                                               </testcase><testcase classname="dinocpu.SingleCycleCPUTester" name="Single Cycle CPU should run memory sb" time="0.228">
                                                 
                                               </testcase><testcase classname="dinocpu.SingleCycleCPUTester" name="Single Cycle CPU should run memory sh" time="0.204">
                                                 
                                               </testcase>
                     <system-out><![CDATA[]]></system-out>
                     <system-err><![CDATA[]]></system-err>
                   </testsuite>