<?xml version='1.0' encoding='UTF-8'?>
<testsuite hostname="dinocpu" name="dinocpu.RTypeMultiCycleTesterLab4" tests="8" errors="0" failures="0" skipped="0" time="3.877" timestamp="2025-12-20T18:52:11">
                     <properties>
[...]
</properties>
                     <testcase classname="dinocpu.RTypeMultiCycleTesterLab4" name="Pipelined CPU should run multi cycle R-type instruction addfwd" time="0.526">
                                                 
                                               </testcase><testcase classname="dinocpu.RTypeMultiCycleTesterLab4" name="Pipelined CPU should run multi cycle R-type instruction swapxor" time="0.548">
                                                 
                                               </testcase><testcase classname="dinocpu.RTypeMultiCycleTesterLab4" name="Pipelined CPU should run multi cycle R-type instruction power2-512" time="0.442">
                                                 
                                               </testcase><testcase classname="dinocpu.RTypeMultiCycleTesterLab4" name="Pipelined CPU should run multi cycle R-type instruction power2-1234" time="0.385">
                                                 
                                               </testcase><testcase classname="dinocpu.RTypeMultiCycleTesterLab4" name="Pipelined CPU should run multi cycle R-type instruction power2--65536" time="0.551">
                                                 
                                               </testcase><testcase classname="dinocpu.RTypeMultiCycleTesterLab4" name="Pipelined CPU should run multi cycle R-type instruction oppsign-true" time="0.46">
                                                 
                                               </testcase><testcase classname="dinocpu.RTypeMultiCycleTesterLab4" name="Pipelined CPU should run multi cycle R-type instruction oppsign-false" time="0.475">
                                                 
                                               </testcase><testcase classname="dinocpu.RTypeMultiCycleTesterLab4" name="Pipelined CPU should run multi cycle R-type instruction rotR" time="0.49">
                                                 
                                               </testcase>
                     <system-out><![CDATA[]]></system-out>
                     <system-err><![CDATA[]]></system-err>
                   </testsuite>